
running 1 test
test tests::it_works ... FAILED

failures:

---- tests::it_works stdout ----
[src/bin/part1.rs:16] char_array = [
    [
        '4',
        '6',
        '7',
        '.',
        '.',
        '1',
        '1',
        '4',
        '.',
        '.',
    ],
    [
        ' ',
        ' ',
        ' ',
        ' ',
        ' ',
        ' ',
        ' ',
        ' ',
        ' ',
        ' ',
        ' ',
        ' ',
        '.',
        '.',
        '.',
        '*',
        '.',
        '.',
        '.',
        '.',
        '.',
        '.',
    ],
    [
        ' ',
        ' ',
        ' ',
        ' ',
        ' ',
        ' ',
        ' ',
        ' ',
        ' ',
        ' ',
        ' ',
        ' ',
        '.',
        '.',
        '3',
        '5',
        '.',
        '.',
        '6',
        '3',
        '3',
        '.',
    ],
    [
        ' ',
        ' ',
        ' ',
        ' ',
        ' ',
        ' ',
        ' ',
        ' ',
        ' ',
        ' ',
        ' ',
        ' ',
        '.',
        '.',
        '.',
        '.',
        '.',
        '.',
        '#',
        '.',
        '.',
        '.',
    ],
    [
        ' ',
        ' ',
        ' ',
        ' ',
        ' ',
        ' ',
        ' ',
        ' ',
        ' ',
        ' ',
        ' ',
        ' ',
        '6',
        '1',
        '7',
        '*',
        '.',
        '.',
        '.',
        '.',
        '.',
        '.',
    ],
    [
        ' ',
        ' ',
        ' ',
        ' ',
        ' ',
        ' ',
        ' ',
        ' ',
        ' ',
        ' ',
        ' ',
        ' ',
        '.',
        '.',
        '.',
        '.',
        '.',
        '+',
        '.',
        '5',
        '8',
        '.',
    ],
    [
        ' ',
        ' ',
        ' ',
        ' ',
        ' ',
        ' ',
        ' ',
        ' ',
        ' ',
        ' ',
        ' ',
        ' ',
        '.',
        '.',
        '5',
        '9',
        '2',
        '.',
        '.',
        '.',
        '.',
        '.',
    ],
    [
        ' ',
        ' ',
        ' ',
        ' ',
        ' ',
        ' ',
        ' ',
        ' ',
        ' ',
        ' ',
        ' ',
        ' ',
        '.',
        '.',
        '.',
        '.',
        '.',
        '.',
        '7',
        '5',
        '5',
        '.',
    ],
    [
        ' ',
        ' ',
        ' ',
        ' ',
        ' ',
        ' ',
        ' ',
        ' ',
        ' ',
        ' ',
        ' ',
        ' ',
        '.',
        '.',
        '.',
        '$',
        '.',
        '*',
        '.',
        '.',
        '.',
        '.',
    ],
    [
        ' ',
        ' ',
        ' ',
        ' ',
        ' ',
        ' ',
        ' ',
        ' ',
        ' ',
        ' ',
        ' ',
        ' ',
        '.',
        '6',
        '6',
        '4',
        '.',
        '5',
        '9',
        '8',
        '.',
        '.',
    ],
    [
        ' ',
        ' ',
        ' ',
        ' ',
        ' ',
        ' ',
        ' ',
        ' ',
        ' ',
        ' ',
        ' ',
        ' ',
    ],
]
thread 'tests::it_works' panicked at 'assertion failed: `(left == right)`
  left: `0`,
 right: `4361`', src/bin/part1.rs:45:9
note: run with `RUST_BACKTRACE=1` environment variable to display a backtrace


failures:
    tests::it_works

test result: FAILED. 0 passed; 1 failed; 0 ignored; 0 measured; 0 filtered out; finished in 0.00s

